Start testing: Apr 04 05:04 UTC
----------------------------------------------------------
1/3 Testing: math_ops
1/3 Test: math_ops
Command: "/home/runner/work/demo-python-bindings/demo-python-bindings/build_cpp/bin/test_math_ops"
Directory: /home/runner/work/demo-python-bindings/demo-python-bindings/build_cpp/src/myMathLib/core
"math_ops" start time: Apr 04 05:04 UTC
Output:
----------------------------------------------------------
PASS: add
PASS: subtract
PASS: multiply
PASS: divide
PASS: power
All tests passed.
<end of output>
Test time =   0.00 sec
----------------------------------------------------------
Test Passed.
"math_ops" end time: Apr 04 05:04 UTC
"math_ops" time elapsed: 00:00:00
----------------------------------------------------------

2/3 Testing: linalg
2/3 Test: linalg
Command: "/home/runner/work/demo-python-bindings/demo-python-bindings/build_cpp/bin/test_linalg"
Directory: /home/runner/work/demo-python-bindings/demo-python-bindings/build_cpp/src/myMathLib/linalg
"linalg" start time: Apr 04 05:04 UTC
Output:
----------------------------------------------------------
PASS: dot
PASS: norm
PASS: cross
PASS: matmul
All tests passed.
<end of output>
Test time =   0.00 sec
----------------------------------------------------------
Test Passed.
"linalg" end time: Apr 04 05:04 UTC
"linalg" time elapsed: 00:00:00
----------------------------------------------------------

3/3 Testing: calculus
3/3 Test: calculus
Command: "/home/runner/work/demo-python-bindings/demo-python-bindings/build_cpp/bin/test_calculus"
Directory: /home/runner/work/demo-python-bindings/demo-python-bindings/build_cpp/src/myMathLib/calculus
"calculus" start time: Apr 04 05:04 UTC
Output:
----------------------------------------------------------
PASS: derivative
PASS: integrate
All tests passed.
<end of output>
Test time =   0.00 sec
----------------------------------------------------------
Test Passed.
"calculus" end time: Apr 04 05:04 UTC
"calculus" time elapsed: 00:00:00
----------------------------------------------------------

End testing: Apr 04 05:04 UTC
